<?xml version="1.0" encoding="UTF-8"?>
<testng-results ignored="0" total="1" passed="0" failed="1" skipped="0">
  <reporter-output>
  </reporter-output>
  <suite started-at="2025-04-03T18:21:23 IST" name="Default suite" finished-at="2025-04-03T18:25:08 IST" duration-ms="224733">
    <groups>
      <group name="cucumber">
        <method signature="AbstractTestNGCucumberTests.runScenario(io.cucumber.testng.PickleWrapper,io.cucumber.testng.FeatureWrapper)[pri:0, instance:runners.TestRunner@4567f35d]" name="runScenario" class="io.cucumber.testng.AbstractTestNGCucumberTests"/>
      </group> <!-- cucumber -->
    </groups>
    <test started-at="2025-04-03T18:21:23 IST" name="Default test" finished-at="2025-04-03T18:25:08 IST" duration-ms="224733">
      <class name="runners.TestRunner">
        <test-method is-config="true" signature="setUpClass(org.testng.ITestContext)[pri:0, instance:runners.TestRunner@4567f35d]" started-at="2025-04-03T18:21:23 IST" name="setUpClass" finished-at="2025-04-03T18:21:24 IST" duration-ms="591" status="PASS">
          <params>
            <param index="0">
              <value>
                <![CDATA[org.testng.TestRunner@2f5b8250]]>
              </value>
            </param>
          </params>
          <reporter-output>
          </reporter-output>
        </test-method> <!-- setUpClass -->
        <test-method signature="runScenario(io.cucumber.testng.PickleWrapper,io.cucumber.testng.FeatureWrapper)[pri:0, instance:runners.TestRunner@4567f35d]" started-at="2025-04-03T18:21:24 IST" name="runScenario" description="Runs Cucumber Scenarios" data-provider="scenarios" finished-at="2025-04-03T18:25:08 IST" duration-ms="223914" status="FAIL">
          <params>
            <param index="0">
              <value>
                <![CDATA["Launch the application and go to the second factor authentication payment screen"]]>
              </value>
            </param>
            <param index="1">
              <value>
                <![CDATA["Automation of a payment journey for Nykaa application"]]>
              </value>
            </param>
          </params>
          <exception class="org.openqa.selenium.ElementClickInterceptedException">
            <message>
              <![CDATA[element click intercepted: Element <a class="name" href="/skin/skin-supplements/c/24046">...</a> is not clickable at point (281, 182). Other element would receive the click: <li class="last-list css-hnjjmz">...</li>
  (Session info: chrome=134.0.6998.166)
Build info: version: '4.14.1', revision: '03f8ede370'
System info: os.name: 'Mac OS X', os.arch: 'x86_64', os.version: '14.5', java.version: '18.0.2.1'
Driver info: org.openqa.selenium.chrome.ChromeDriver
Command: [45b61b7e805b604f41d339087e56ba43, clickElement {id=f.75146D2E489814E977861086B68B5F1E.d.5338BDD6BC6097CFC560CC17C2603BD0.e.84}]
Capabilities {acceptInsecureCerts: false, browserName: chrome, browserVersion: 134.0.6998.166, chrome: {chromedriverVersion: 134.0.6998.165 (fd886e2cb29..., userDataDir: /var/folders/tp/ykzmmtr97zn...}, fedcm:accounts: true, goog:chromeOptions: {debuggerAddress: localhost:56686}, networkConnectionEnabled: false, pageLoadStrategy: normal, platformName: mac, proxy: Proxy(), se:cdp: ws://localhost:56686/devtoo..., se:cdpVersion: 134.0.6998.166, setWindowRect: true, strictFileInteractability: false, timeouts: {implicit: 0, pageLoad: 300000, script: 30000}, unhandledPromptBehavior: dismiss and notify, webauthn:extension:credBlob: true, webauthn:extension:largeBlob: true, webauthn:extension:minPinLength: true, webauthn:extension:prf: true, webauthn:virtualAuthenticators: true}
Element: [[ChromeDriver: chrome on mac (45b61b7e805b604f41d339087e56ba43)] -> xpath: //*[text()='Skin Supplements']]
Session ID: 45b61b7e805b604f41d339087e56ba43]]>
            </message>
            <full-stacktrace>
              <![CDATA[org.openqa.selenium.ElementClickInterceptedException: element click intercepted: Element <a class="name" href="/skin/skin-supplements/c/24046">...</a> is not clickable at point (281, 182). Other element would receive the click: <li class="last-list css-hnjjmz">...</li>
  (Session info: chrome=134.0.6998.166)
Build info: version: '4.14.1', revision: '03f8ede370'
System info: os.name: 'Mac OS X', os.arch: 'x86_64', os.version: '14.5', java.version: '18.0.2.1'
Driver info: org.openqa.selenium.chrome.ChromeDriver
Command: [45b61b7e805b604f41d339087e56ba43, clickElement {id=f.75146D2E489814E977861086B68B5F1E.d.5338BDD6BC6097CFC560CC17C2603BD0.e.84}]
Capabilities {acceptInsecureCerts: false, browserName: chrome, browserVersion: 134.0.6998.166, chrome: {chromedriverVersion: 134.0.6998.165 (fd886e2cb29..., userDataDir: /var/folders/tp/ykzmmtr97zn...}, fedcm:accounts: true, goog:chromeOptions: {debuggerAddress: localhost:56686}, networkConnectionEnabled: false, pageLoadStrategy: normal, platformName: mac, proxy: Proxy(), se:cdp: ws://localhost:56686/devtoo..., se:cdpVersion: 134.0.6998.166, setWindowRect: true, strictFileInteractability: false, timeouts: {implicit: 0, pageLoad: 300000, script: 30000}, unhandledPromptBehavior: dismiss and notify, webauthn:extension:credBlob: true, webauthn:extension:largeBlob: true, webauthn:extension:minPinLength: true, webauthn:extension:prf: true, webauthn:virtualAuthenticators: true}
Element: [[ChromeDriver: chrome on mac (45b61b7e805b604f41d339087e56ba43)] -> xpath: //*[text()='Skin Supplements']]
Session ID: 45b61b7e805b604f41d339087e56ba43
at java.base/jdk.internal.reflect.DirectConstructorHandleAccessor.newInstance(DirectConstructorHandleAccessor.java:67)
at java.base/java.lang.reflect.Constructor.newInstanceWithCaller(Constructor.java:499)
at java.base/java.lang.reflect.Constructor.newInstance(Constructor.java:483)
at org.openqa.selenium.remote.codec.w3c.W3CHttpResponseCodec.createException(W3CHttpResponseCodec.java:200)
at org.openqa.selenium.remote.codec.w3c.W3CHttpResponseCodec.decode(W3CHttpResponseCodec.java:133)
at org.openqa.selenium.remote.codec.w3c.W3CHttpResponseCodec.decode(W3CHttpResponseCodec.java:52)
at org.openqa.selenium.remote.HttpCommandExecutor.execute(HttpCommandExecutor.java:191)
at org.openqa.selenium.remote.service.DriverCommandExecutor.invokeExecute(DriverCommandExecutor.java:200)
at org.openqa.selenium.remote.service.DriverCommandExecutor.execute(DriverCommandExecutor.java:175)
at org.openqa.selenium.remote.RemoteWebDriver.execute(RemoteWebDriver.java:602)
at org.openqa.selenium.remote.RemoteWebElement.execute(RemoteWebElement.java:224)
at org.openqa.selenium.remote.RemoteWebElement.click(RemoteWebElement.java:77)
at stepDefinations.NykaaSteps.user_selects_a_product_and_adds_it_to_the_cart(NykaaSteps.java:51)
at ✽.User selects a product and adds it to the cart(file:///Users/rajalaxmipati/Documents/Others/BDD_Framework_Test/src/test/resources/features/Nykaa.feature:6)
]]>
            </full-stacktrace>
          </exception> <!-- org.openqa.selenium.ElementClickInterceptedException -->
          <reporter-output>
          </reporter-output>
        </test-method> <!-- runScenario -->
        <test-method is-config="true" signature="tearDownClass()[pri:0, instance:runners.TestRunner@4567f35d]" started-at="2025-04-03T18:25:08 IST" name="tearDownClass" finished-at="2025-04-03T18:25:08 IST" duration-ms="157" status="PASS">
          <reporter-output>
          </reporter-output>
        </test-method> <!-- tearDownClass -->
      </class> <!-- runners.TestRunner -->
    </test> <!-- Default test -->
  </suite> <!-- Default suite -->
</testng-results>
